<?xml version="1.0" encoding="UTF-8"?>
<!-- Generated by org.testng.reporters.JUnitReportReporter -->
<testsuite hostname="Samyak-Jain" failures="0" tests="5" name="TestNGRunner.TestNGRunner" time="0.433" errors="0" timestamp="2024-07-12T16:59:03 IST" skipped="0">
  <testcase classname="TestNGRunner.TestNGRunner" name="runScenario" time="0.081"/>
  <testcase classname="TestNGRunner.TestNGRunner" name="runScenario" time="0.025"/>
  <testcase classname="TestNGRunner.TestNGRunner" name="runScenario" time="0.063"/>
  <testcase classname="TestNGRunner.TestNGRunner" name="runScenario" time="0.064"/>
  <testcase classname="TestNGRunner.TestNGRunner" name="runScenario" time="0.200"/>
</testsuite> <!-- TestNGRunner.TestNGRunner -->
